<?xml version="1.0" encoding="UTF-8"?>
<!-- Generated by org.testng.reporters.JUnitReportReporter -->
<testsuite hostname="LAPTOP-QVHSJR93" failures="0" tests="1" name="Practices.LoginToFacebook" time="3.694" errors="0" timestamp="06 May 2022 04:57:26 GMT" skipped="0">
  <testcase classname="Practices.LoginToFacebook" name="facebook" time="3.694"/>
</testsuite> <!-- Practices.LoginToFacebook -->
