<?xml version="1.0" encoding="UTF-8"?>
<!-- Generated by org.testng.reporters.JUnitReportReporter -->
<testsuite hostname="LAPTOP-QVHSJR93" failures="0" tests="1" name="Practices.LoginToVtiger" time="6.684" errors="0" timestamp="06 May 2022 05:10:16 GMT" skipped="0">
  <testcase classname="Practices.LoginToVtiger" name="Vtiger" time="6.684"/>
</testsuite> <!-- Practices.LoginToVtiger -->
